<?xml version="1.0" encoding="UTF-8"?>
<testsuite name="TestSuite" time="38.022" tests="6" errors="0" skipped="0" failures="0">
  <properties>
[...]
</properties>
  <testcase name="homePageTitle" classname="ParallelTest.ParallelTest1" time="19.594"/>
  <testcase name="homePageTitle" classname="ParallelTest.ParallelTest1" time="11.468"/>
  <testcase name="loginTest" classname="ParallelTest.ParallelTest2" time="7.818"/>
  <testcase name="loginTest" classname="ParallelTest.ParallelTest2" time="8.06"/>
  <testcase name="logoTest" classname="ParallelTest.ParallelTest1" time="10.61"/>
  <testcase name="logoTest" classname="ParallelTest.ParallelTest1" time="11.024"/>
</testsuite>