<?xml version="1.0" encoding="UTF-8"?>
<!-- Generated by org.testng.reporters.JUnitXMLReporter -->
<testsuite ignored="0" hostname="DESKTOP-JJT6B64" failures="0" tests="3" name="Test1" time="24.474" errors="0" timestamp="2021-02-11T05:10:03 CST">
  <testcase classname="ParallelTest.ParallelTest1" name="homePageTitle" time="11.468"/>
  <testcase classname="ParallelTest.ParallelTest2" name="loginTest" time="20.273"/>
  <testcase classname="ParallelTest.ParallelTest1" name="logoTest" time="11.017"/>
</testsuite> <!-- Test1 -->
