<?xml version="1.0" encoding="UTF-8"?>
<testng-results ignored="0" total="3" passed="3" failed="0" skipped="0">
  <reporter-output>
  </reporter-output>
  <suite started-at="2021-02-10T23:00:49 CST" name="Suite" finished-at="2021-02-10T23:01:18 CST" duration-ms="29548">
    <groups>
    </groups>
    <test started-at="2021-02-10T23:00:49 CST" name="Test2" finished-at="2021-02-10T23:01:18 CST" duration-ms="29544">
      <class name="ParallelTest.ParallelTest2">
        <test-method signature="loginTest()[pri:0, instance:ParallelTest.ParallelTest2@61df66b6]" started-at="2021-02-10T23:00:49 CST" name="loginTest" finished-at="2021-02-10T23:01:17 CST" duration-ms="28404" status="PASS">
          <reporter-output>
          </reporter-output>
        </test-method> <!-- loginTest -->
        <test-method is-config="true" signature="tearDown()[pri:0, instance:ParallelTest.ParallelTest2@61df66b6]" started-at="2021-02-10T23:01:17 CST" name="tearDown" finished-at="2021-02-10T23:01:18 CST" duration-ms="1070" status="PASS">
          <reporter-output>
          </reporter-output>
        </test-method> <!-- tearDown -->
      </class> <!-- ParallelTest.ParallelTest2 -->
    </test> <!-- Test2 -->
    <test started-at="2021-02-10T23:00:49 CST" name="Test1" finished-at="2021-02-10T23:01:18 CST" duration-ms="29503">
      <class name="ParallelTest.ParallelTest1">
        <test-method signature="homePageTitle()[pri:0, instance:ParallelTest.ParallelTest1@1700915]" started-at="2021-02-10T23:00:49 CST" name="homePageTitle" finished-at="2021-02-10T23:01:06 CST" duration-ms="17138" status="PASS">
          <reporter-output>
          </reporter-output>
        </test-method> <!-- homePageTitle -->
        <test-method is-config="true" signature="tearDown()[pri:0, instance:ParallelTest.ParallelTest1@1700915]" started-at="2021-02-10T23:01:06 CST" name="tearDown" finished-at="2021-02-10T23:01:07 CST" duration-ms="1124" status="PASS">
          <reporter-output>
          </reporter-output>
        </test-method> <!-- tearDown -->
        <test-method signature="logoTest()[pri:0, instance:ParallelTest.ParallelTest1@1700915]" started-at="2021-02-10T23:01:07 CST" name="logoTest" finished-at="2021-02-10T23:01:17 CST" duration-ms="9994" status="PASS">
          <reporter-output>
          </reporter-output>
        </test-method> <!-- logoTest -->
        <test-method is-config="true" signature="tearDown()[pri:0, instance:ParallelTest.ParallelTest1@1700915]" started-at="2021-02-10T23:01:17 CST" name="tearDown" finished-at="2021-02-10T23:01:18 CST" duration-ms="1169" status="PASS">
          <reporter-output>
          </reporter-output>
        </test-method> <!-- tearDown -->
      </class> <!-- ParallelTest.ParallelTest1 -->
    </test> <!-- Test1 -->
  </suite> <!-- Suite -->
</testng-results>
